[debug] [2024-10-25T18:15:47.387Z] ----------------------------------------------------------------------
[debug] [2024-10-25T18:15:47.388Z] Command:       C:\Program Files\nodejs\node.exe C:\Users\Radu.Popescu\AppData\Roaming\npm\node_modules\firebase-tools\lib\bin\firebase.js deploy --only functions:sendWelcomeEmail
[debug] [2024-10-25T18:15:47.388Z] CLI Version:   13.23.0
[debug] [2024-10-25T18:15:47.388Z] Platform:      win32
[debug] [2024-10-25T18:15:47.389Z] Node Version:  v18.18.1
[debug] [2024-10-25T18:15:47.389Z] Time:          Fri Oct 25 2024 21:15:47 GMT+0300 (Ora de vară a Europei de Est)
[debug] [2024-10-25T18:15:47.389Z] ----------------------------------------------------------------------
[debug] 
[debug] [2024-10-25T18:15:47.440Z] > command requires scopes: ["email","openid","https://www.googleapis.com/auth/cloudplatformprojects.readonly","https://www.googleapis.com/auth/firebase","https://www.googleapis.com/auth/cloud-platform"]
[debug] [2024-10-25T18:15:47.440Z] > authorizing via signed-in user (mobitoolsro@gmail.com)
[debug] [2024-10-25T18:15:47.440Z] [iam] checking project real-amour for permissions ["cloudfunctions.functions.create","cloudfunctions.functions.delete","cloudfunctions.functions.get","cloudfunctions.functions.list","cloudfunctions.functions.update","cloudfunctions.operations.get","firebase.projects.get"]
[debug] [2024-10-25T18:15:47.441Z] Checked if tokens are valid: true, expires at: 1729882588310
[debug] [2024-10-25T18:15:47.441Z] Checked if tokens are valid: true, expires at: 1729882588310
[debug] [2024-10-25T18:15:47.442Z] >>> [apiv2][query] POST https://cloudresourcemanager.googleapis.com/v1/projects/real-amour:testIamPermissions [none]
[debug] [2024-10-25T18:15:47.442Z] >>> [apiv2][(partial)header] POST https://cloudresourcemanager.googleapis.com/v1/projects/real-amour:testIamPermissions x-goog-quota-user=projects/real-amour
[debug] [2024-10-25T18:15:47.442Z] >>> [apiv2][body] POST https://cloudresourcemanager.googleapis.com/v1/projects/real-amour:testIamPermissions {"permissions":["cloudfunctions.functions.create","cloudfunctions.functions.delete","cloudfunctions.functions.get","cloudfunctions.functions.list","cloudfunctions.functions.update","cloudfunctions.operations.get","firebase.projects.get"]}
[debug] [2024-10-25T18:15:47.942Z] <<< [apiv2][status] POST https://cloudresourcemanager.googleapis.com/v1/projects/real-amour:testIamPermissions 200
[debug] [2024-10-25T18:15:47.943Z] <<< [apiv2][body] POST https://cloudresourcemanager.googleapis.com/v1/projects/real-amour:testIamPermissions {}
[debug] [2024-10-25T18:15:47.943Z] [iam] error while checking permissions, command may fail: FirebaseError: Authorization failed. This account is missing the following required permissions on project real-amour:

  cloudfunctions.functions.create
  cloudfunctions.functions.delete
  cloudfunctions.functions.get
  cloudfunctions.functions.list
  cloudfunctions.functions.update
  cloudfunctions.operations.get
  firebase.projects.get
[debug] [2024-10-25T18:15:47.944Z] Checked if tokens are valid: true, expires at: 1729882588310
[debug] [2024-10-25T18:15:47.944Z] Checked if tokens are valid: true, expires at: 1729882588310
[debug] [2024-10-25T18:15:47.944Z] >>> [apiv2][query] POST https://iam.googleapis.com/v1/projects/real-amour/serviceAccounts/real-amour@appspot.gserviceaccount.com:testIamPermissions [none]
[debug] [2024-10-25T18:15:47.944Z] >>> [apiv2][body] POST https://iam.googleapis.com/v1/projects/real-amour/serviceAccounts/real-amour@appspot.gserviceaccount.com:testIamPermissions {"permissions":["iam.serviceAccounts.actAs"]}
